Start testing: May 28 10:14 MSK
----------------------------------------------------------
1/1 Testing: command_test
1/1 Test: command_test
Command: "/home/vboxuser/vlad-192/workspace/projects/command-pattern-lab/build/command_test"
Directory: /home/vboxuser/vlad-192/workspace/projects/command-pattern-lab/build
"command_test" start time: May 28 10:14 MSK
Output:
----------------------------------------------------------
<end of output>
Test time =   0.01 sec
----------------------------------------------------------
Test Passed.
"command_test" end time: May 28 10:14 MSK
"command_test" time elapsed: 00:00:00
----------------------------------------------------------

End testing: May 28 10:14 MSK
